<?xml version="1.0" encoding="UTF-8"?>
<testsuite xmlns:xsi="http://www.w3.org/2001/XMLSchema-instance" xsi:noNamespaceSchemaLocation="https://maven.apache.org/surefire/maven-surefire-plugin/xsd/surefire-test-report.xsd" name="org.example.AppTest" time="0.047" tests="1" errors="0" skipped="0" failures="0">
  <properties>
    <property name="java.specification.version" value="17"/>
    <property name="sun.cpu.isalist" value="amd64"/>
    <property name="sun.jnu.encoding" value="Cp1251"/>
    <property name="java.class.path" value="D:\SOF_\JetBrains\PROJECT_RU\serverhttp\target\test-classes;D:\SOF_\JetBrains\PROJECT_RU\serverhttp\target\classes;C:\Users\РиКо\.m2\repository\junit\junit\4.11\junit-4.11.jar;C:\Users\РиКо\.m2\repository\org\hamcrest\hamcrest-core\1.3\hamcrest-core-1.3.jar;C:\Users\РиКо\.m2\repository\org\apache\httpcomponents\httpclient\4.5.12\httpclient-4.5.12.jar;C:\Users\РиКо\.m2\repository\org\apache\httpcomponents\httpcore\4.4.13\httpcore-4.4.13.jar;C:\Users\РиКо\.m2\repository\commons-logging\commons-logging\1.2\commons-logging-1.2.jar;C:\Users\РиКо\.m2\repository\commons-codec\commons-codec\1.11\commons-codec-1.11.jar;C:\Users\РиКо\.m2\repository\com\google\code\gson\gson\2.8.9\gson-2.8.9.jar;C:\Users\РиКо\.m2\repository\com\googlecode\json-simple\json-simple\1.1.1\json-simple-1.1.1.jar;"/>
    <property name="java.vm.vendor" value="Oracle Corporation"/>
    <property name="sun.arch.data.model" value="64"/>
    <property name="user.variant" value=""/>
    <property name="java.vendor.url" value="https://java.oracle.com/"/>
    <property name="user.timezone" value="Europe/Moscow"/>
    <property name="os.name" value="Windows 10"/>
    <property name="java.vm.specification.version" value="17"/>
    <property name="sun.java.launcher" value="SUN_STANDARD"/>
    <property name="user.country" value="RU"/>
    <property name="sun.boot.library.path" value="D:\loadmozilla\download_jdk\ORACLE_JDK_v17\bin"/>
    <property name="sun.java.command" value="C:\Users\18FF~1\AppData\Local\Temp\surefire1360093130301063042\surefirebooter419949713226572872.jar C:\Users\РиКо\AppData\Local\Temp\surefire1360093130301063042 2022-07-18T02-11-33_911-jvmRun1 surefire16867500047452822213tmp surefire_015734784938845960843tmp"/>
    <property name="jdk.debug" value="release"/>
    <property name="surefire.test.class.path" value="D:\SOF_\JetBrains\PROJECT_RU\serverhttp\target\test-classes;D:\SOF_\JetBrains\PROJECT_RU\serverhttp\target\classes;C:\Users\РиКо\.m2\repository\junit\junit\4.11\junit-4.11.jar;C:\Users\РиКо\.m2\repository\org\hamcrest\hamcrest-core\1.3\hamcrest-core-1.3.jar;C:\Users\РиКо\.m2\repository\org\apache\httpcomponents\httpclient\4.5.12\httpclient-4.5.12.jar;C:\Users\РиКо\.m2\repository\org\apache\httpcomponents\httpcore\4.4.13\httpcore-4.4.13.jar;C:\Users\РиКо\.m2\repository\commons-logging\commons-logging\1.2\commons-logging-1.2.jar;C:\Users\РиКо\.m2\repository\commons-codec\commons-codec\1.11\commons-codec-1.11.jar;C:\Users\РиКо\.m2\repository\com\google\code\gson\gson\2.8.9\gson-2.8.9.jar;C:\Users\РиКо\.m2\repository\com\googlecode\json-simple\json-simple\1.1.1\json-simple-1.1.1.jar;"/>
    <property name="sun.cpu.endian" value="little"/>
    <property name="user.home" value="C:\Users\РиКо"/>
    <property name="user.language" value="ru"/>
    <property name="java.specification.vendor" value="Oracle Corporation"/>
    <property name="java.version.date" value="2022-01-18"/>
    <property name="java.home" value="D:\loadmozilla\download_jdk\ORACLE_JDK_v17"/>
    <property name="file.separator" value="\"/>
    <property name="basedir" value="D:\SOF_\JetBrains\PROJECT_RU\serverhttp"/>
    <property name="java.vm.compressedOopsMode" value="32-bit"/>
    <property name="line.separator" value="&#10;"/>
    <property name="java.vm.specification.vendor" value="Oracle Corporation"/>
    <property name="java.specification.name" value="Java Platform API Specification"/>
    <property name="surefire.real.class.path" value="C:\Users\18FF~1\AppData\Local\Temp\surefire1360093130301063042\surefirebooter419949713226572872.jar"/>
    <property name="user.script" value=""/>
    <property name="sun.management.compiler" value="HotSpot 64-Bit Tiered Compilers"/>
    <property name="java.runtime.version" value="17.0.2+8-86"/>
    <property name="user.name" value="РиКо"/>
    <property name="path.separator" value=";"/>
    <property name="os.version" value="10.0"/>
    <property name="java.runtime.name" value="OpenJDK Runtime Environment"/>
    <property name="file.encoding" value="Cp1251"/>
    <property name="java.vm.name" value="OpenJDK 64-Bit Server VM"/>
    <property name="localRepository" value="C:\Users\РиКо\.m2\repository"/>
    <property name="java.vendor.url.bug" value="https://bugreport.java.com/bugreport/"/>
    <property name="java.io.tmpdir" value="C:\Users\18FF~1\AppData\Local\Temp\"/>
    <property name="idea.version" value="2021.3.1"/>
    <property name="java.version" value="17.0.2"/>
    <property name="user.dir" value="D:\SOF_\JetBrains\PROJECT_RU\serverhttp"/>
    <property name="os.arch" value="amd64"/>
    <property name="java.vm.specification.name" value="Java Virtual Machine Specification"/>
    <property name="sun.os.patch.level" value=""/>
    <property name="native.encoding" value="Cp1251"/>
    <property name="java.library.path" value="D:\loadmozilla\download_jdk\ORACLE_JDK_v17\bin;C:\Windows\Sun\Java\bin;C:\Windows\system32;C:\Windows;C:\Program Files\Eclipse Adoptium\jdk-8.0.312.7-hotspot\bin;C:\Windows\system32;C:\Windows;C:\Windows\System32\Wbem;C:\Windows\System32\WindowsPowerShell\v1.0\;C:\Windows\System32\OpenSSH\;C:\Program Files (x86)\NVIDIA Corporation\PhysX\Common;D:\SOF_\MATLAB701\bin\win32;C:\Program Files\Eclipse Adoptium\jdk-8.0.312.7-hotspot\bin;D:\SOF_\Git\cmd;C:\Users\РиКо\AppData\Local\Microsoft\WindowsApps;;."/>
    <property name="java.vm.info" value="mixed mode, sharing"/>
    <property name="java.vendor" value="Oracle Corporation"/>
    <property name="java.vm.version" value="17.0.2+8-86"/>
    <property name="sun.io.unicode.encoding" value="UnicodeLittle"/>
    <property name="java.class.version" value="61.0"/>
  </properties>
  <testcase name="shouldAnswerWithTrue" classname="org.example.AppTest" time="0"/>
</testsuite>